Flow report for Clock_240_tx
Sun Feb 23 13:06:12 2014
Quartus II 64-Bit Version 13.1.0 Build 162 10/23/2013 SJ Full Version


---------------------
; Table of Contents ;
---------------------
  1. Legal Notice
  2. Flow Summary
  3. Flow Settings
  4. Flow Non-Default Global Settings
  5. Flow Elapsed Time
  6. Flow OS Summary
  7. Flow Log
  8. Flow Messages
  9. Flow Suppressed Messages



----------------
; Legal Notice ;
----------------
Copyright (C) 1991-2013 Altera Corporation
Your use of Altera Corporation's design tools, logic functions 
and other software and tools, and its AMPP partner logic 
functions, and any output files from any of the foregoing 
(including device programming or simulation files), and any 
associated documentation or information are expressly subject 
to the terms and conditions of the Altera Program License 
Subscription Agreement, Altera MegaCore Function License 
Agreement, or other applicable license agreement, including, 
without limitation, that your use is for the sole purpose of 
programming logic devices manufactured by Altera and sold by 
Altera or its authorized distributors.  Please refer to the 
applicable agreement for further details.



+----------------------------------------------------------------------------------+
; Flow Summary                                                                     ;
+------------------------------------+---------------------------------------------+
; Flow Status                        ; Successful - Sun Feb 23 13:06:02 2014       ;
; Quartus II 64-Bit Version          ; 13.1.0 Build 162 10/23/2013 SJ Full Version ;
; Revision Name                      ; Clock_240_tx                                ;
; Top-level Entity Name              ; Clock_240_tx                                ;
; Family                             ; Cyclone IV E                                ;
; Device                             ; EP4CE6E22I7                                 ;
; Timing Models                      ; Final                                       ;
; Total logic elements               ; 2,304 / 6,272 ( 37 % )                      ;
;     Total combinational functions  ; 2,019 / 6,272 ( 32 % )                      ;
;     Dedicated logic registers      ; 1,582 / 6,272 ( 25 % )                      ;
; Total registers                    ; 1582                                        ;
; Total pins                         ; 46 / 92 ( 50 % )                            ;
; Total virtual pins                 ; 0                                           ;
; Total memory bits                  ; 221,267 / 276,480 ( 80 % )                  ;
; Embedded Multiplier 9-bit elements ; 6 / 30 ( 20 % )                             ;
; Total PLLs                         ; 1 / 2 ( 50 % )                              ;
+------------------------------------+---------------------------------------------+


+-----------------------------------------+
; Flow Settings                           ;
+-------------------+---------------------+
; Option            ; Setting             ;
+-------------------+---------------------+
; Start date & time ; 02/23/2014 13:04:57 ;
; Main task         ; Compilation         ;
; Revision Name     ; Clock_240_tx        ;
+-------------------+---------------------+


+------------------------------------------------------------------------------------------------------------------+
; Flow Non-Default Global Settings                                                                                 ;
+-------------------------------------+---------------------------------+---------------+-------------+------------+
; Assignment Name                     ; Value                           ; Default Value ; Entity Name ; Section Id ;
+-------------------------------------+---------------------------------+---------------+-------------+------------+
; COMPILER_SIGNATURE_ID               ; 249558447474743.139315349706464 ; --            ; --          ; --         ;
; FITTER_EFFORT                       ; Standard Fit                    ; Auto Fit      ; --          ; --         ;
; MAX_CORE_JUNCTION_TEMP              ; 100                             ; --            ; --          ; --         ;
; MIN_CORE_JUNCTION_TEMP              ; -40                             ; --            ; --          ; --         ;
; PARTITION_COLOR                     ; 16764057                        ; --            ; --          ; Top        ;
; PARTITION_FITTER_PRESERVATION_LEVEL ; PLACEMENT_AND_ROUTING           ; --            ; --          ; Top        ;
; PARTITION_NETLIST_TYPE              ; SOURCE                          ; --            ; --          ; Top        ;
; SEED                                ; 1032837                         ; 1             ; --          ; --         ;
+-------------------------------------+---------------------------------+---------------+-------------+------------+


+-------------------------------------------------------------------------------------------------------------------------------+
; Flow Elapsed Time                                                                                                             ;
+---------------------------+--------------+-------------------------+---------------------+------------------------------------+
; Module Name               ; Elapsed Time ; Average Processors Used ; Peak Virtual Memory ; Total CPU Time (on all processors) ;
+---------------------------+--------------+-------------------------+---------------------+------------------------------------+
; Analysis & Synthesis      ; 00:00:22     ; 1.0                     ; 551 MB              ; 00:00:11                           ;
; Fitter                    ; 00:00:27     ; 1.7                     ; 1176 MB             ; 00:00:25                           ;
; Assembler                 ; 00:00:03     ; 1.0                     ; 454 MB              ; 00:00:02                           ;
; TimeQuest Timing Analyzer ; 00:00:06     ; 1.0                     ; 546 MB              ; 00:00:05                           ;
; Total                     ; 00:00:58     ; --                      ; --                  ; 00:00:43                           ;
+---------------------------+--------------+-------------------------+---------------------+------------------------------------+


+----------------------------------------------------------------------------------------+
; Flow OS Summary                                                                        ;
+---------------------------+------------------+-----------+------------+----------------+
; Module Name               ; Machine Hostname ; OS Name   ; OS Version ; Processor type ;
+---------------------------+------------------+-----------+------------+----------------+
; Analysis & Synthesis      ; user-PC          ; Windows 7 ; 6.1        ; x86_64         ;
; Fitter                    ; user-PC          ; Windows 7 ; 6.1        ; x86_64         ;
; Assembler                 ; user-PC          ; Windows 7 ; 6.1        ; x86_64         ;
; TimeQuest Timing Analyzer ; user-PC          ; Windows 7 ; 6.1        ; x86_64         ;
+---------------------------+------------------+-----------+------------+----------------+


------------
; Flow Log ;
------------
quartus_map --read_settings_files=on --write_settings_files=off Clock_240_tx -c Clock_240_tx
quartus_fit --read_settings_files=off --write_settings_files=off Clock_240_tx -c Clock_240_tx
quartus_asm --read_settings_files=off --write_settings_files=off Clock_240_tx -c Clock_240_tx
quartus_sta Clock_240_tx -c Clock_240_tx



