
ROM used: 27368 (84%)
          27368 (84%) including unused fragments

          6 Average locations per line
          17 Average locations per statement

RAM used: 426 (28%) at main() level
          628 (41%) worst case

Stack used: 10 worst case (out of 31 total available)

Lines Stmts  %   Files
----- ----- ---  -----
  786   333  21  BA1410TX.c
   34     0   0  BA1410TX.h
  604     0   0  C:\Program Files\PICC\devices\18LF45K22.h
   28     0   0  C:\Program Files\PICC\drivers\ctype.h
  750     0   0  PIC18F45K22_registers.h
  149    97   6  AD5312.c
   58    40   3  AD9746.c
  141    63   4  ADF4350.c
   97    43   3  BA1410TX_intr.c
 1634  1014  64  BA1410TX_serial.c
----- -----
 4281  1590 Total

Page ROM  %  RAM   Vol Diff  Functions:
---- --- --- ---   --- ----  ----------
0     42   0   1             @delay_ms1
0     32   0   1             @delay_us1
0    564   1   3  3193  3.4  set_AD5312
0     98   0   4   694  6.9  read_D2A
0    106   0   5   724  6.0  write_D2A
0     78   0   2   345  5.3  PLL_send_bits
0     86   0   5   373  1.9  PLL_send_word
0     40   0   0             @const949
0    170   0   6   314  5.3  PLL_initialize
0    556   1  22   580  6.2  PLL_compute_freq_parameters
0     92   0  14             @MUL3232
0    148   0  13             @DIV3232
0    232   0  10   253  2.8  PLL_update
0      6   0   0     5  1.0  TIMER4_isr
0    172   0   0   759  5.8  TIMER2_isr
0      6   0   0     5  1.0  EXT_isr
0      6   0   0     5  1.0  EXT1_isr
0     46   0   3   160  4.0  RDA_isr
0     92   0   2   185  3.6  TBE_isr
0     44   0   1   144  4.3  COM1_get_chr
0    200   0   6   687  6.9  COM1_send_str
0     22   0   3    96  1.7  COM1_send_block
0     22   0   0   106  2.1  COM1_init
0     32   0   1    30  2.3  get_char
0     30   0   0    25  1.9  peek_char
0     72   0   1   105  3.8  skip_spc
0    198   0   7   373  6.3  get_int
0     84   0   6             @MULS1616
0    188   0   9   236  5.6  str_to_long
0    248   0   9   405  6.6  get_hex
0    104   0   4   153  4.3  get_frequency
0    636   1   5  4612 10.1  inc_dec
0    536   1   4   250  1.4  list_help1
0     78   0   0             @const1020
0     62   0   0             @const1021
0     82   0   0             @const1022
0     52   0   0             @const1023
0     62   0   0             @const1024
0     62   0   0             @const1025
0     70   0   0             @const1026
0     38   0   0             @const1027
0     76   0   0             @const1028
0     78   0   0             @const1029
0    404   1  12   321  5.5  read_temperature
0     82   0   2             @SITOF
0    350   1  14             @DIVFF
0    246   0  11             @MULFF
0    632   1  16             @ADDFF
0     62   0   4             @SFTOI
0    168   0   2   610  4.8  Bits_status1
0    184   0   1   703  6.4  Bits_status2
0    116   0   2   271  5.5  set_power_level
0    116   0   2   271  5.5  set_low_power_level
0    224   0   6  1684  6.9  prepare_binary_status
0    120   0   6             @DIVS1616
0   1762   3  57  4712  9.9  process_dollar_commands
0     10   0   0             @const1075
0     34   0   1             @SPRINTF
0     40   0   3             @PSTRINGCN_1077
0    188   0   9             @PRINTF_LU_1077
0      8   0   0             @const1083
0     44   0   3             @DIV88
0    124   0   2             @PRINTF_U_1077
0     10   0   0             @const1090
0     74   0   2             @PRINTF_X_1077
0     18   0   0             @const1094
0     18   0   0             @const1095
0    208   0  12   272  5.0  get_new_bitrate
0    968   2   4   486  1.4  list_help
0     62   0   0             @const1102
0     68   0   0             @const1103
0     66   0   0             @const1104
0     64   0   0             @const1105
0     66   0   0             @const1106
0     74   0   0             @const1107
0     70   0   0             @const1108
0     50   0   0             @const1109
0     66   0   0             @const1110
0     74   0   0             @const1111
0     66   0   0             @const1112
0     70   0   0             @const1113
0     76   0   0             @const1114
0     76   0   0             @const1115
0     64   0   0             @const1116
0     76   0   0             @const1117
0     62   0   0             @const1118
0     70   0   0             @const1119
0     54   0   0             @const1120
0   8114  15  84 23002 15.9  process_ttccp_commands
0     32   0   0             @const1140
0      8   0   0             @const1142
0     26   0   0             @const1143
0      8   0   0             @const1144
0     26   0   0             @const1145
0      8   0   0             @const1147
0     12   0   0             @const1149
0      8   0   0             @const1150
0     12   0   0             @const1152
0      8   0   0             @const1153
0     12   0   0             @const1155
0      8   0   0             @const1156
0     12   0   0             @const1158
0      8   0   0             @const1159
0     12   0   0             @const1161
0      8   0   0             @const1162
0      8   0   0             @const1164
0      8   0   0             @const1166
0     12   0   0             @const1168
0     58   0   0             @goto11452
0      8   0   0             @const1170
0     12   0   0             @const1172
0      8   0   0             @const1173
0     12   0   0             @const1175
0      8   0   0             @const1176
0     12   0   0             @const1178
0      8   0   0             @const1179
0     12   0   0             @const1181
0      8   0   0             @const1182
0     30   0   0             @const1184
0     32   0   0             @const1185
0     34   0   2             @PSTRINGC_1077
0      8   0   0             @const1189
0      8   0   0             @const1190
0      8   0   0             @const1191
0      8   0   0             @const1192
0     12   0   0             @const1194
0      8   0   0             @const1195
0     12   0   0             @const1197
0     10   0   0             @const1198
0     56   0   2             @ITOF
0     20   0   0             @const1201
0     66   0   5             @FTOSD
0    432   1  13             @PRINTF_L32D_1077FPFPF
0     38   0   0             @const1207
0     42   0   0             @const1208
0     24   0   0             @const1210
0     22   0   0             @const1211
0     20   0   0             @const1212
0     70   0   0             @const1213
0     70   0   5             @DIV1616
0     38   0   2             @PSTRINGR_1077
0     78   0   0             @const1218
0     18   0   0             @const1219
0    352   1   8  1087  8.6  ttccp_handler
0    332   1   8  1025  7.6  dollar_handler
0     24   0   0             @const1231
0     28   0   0             @const1233
0     34   0   0             @goto11933
0     58   0   2   231  2.7  comm_handler
0     96   0   0             @const1242
0    110   0   5   528  7.5  send_FPGA_command
0    170   0   7   907  7.5  get_FPGA_register
0    248   0  16   173  4.3  compute_bitrate_coefficient
0     58   0   4             @DTOF
0     30   0   5   134  3.0  update_FPGA
0    144   0  17   409  3.4  set_bitrate
0     92   0  10   304  4.2  FPGA_set_reg0
0     54   0  10   220  4.1  FPGA_set_reg6
0    244   0  17   801  3.9  FPGA_set_bitrate
0    112   0   9   100  4.0  write_int_eeprom
0     86   0  11   102  4.5  read_int_eeprom
0     46   0   0    99  3.7  write_setup
0     50   0   0   181  4.4  read_setup
0     28   0   0             @MEMSET
0    200   0   8   255  6.7  convert_power
0    946   2   4  4772 12.9  power_output
0     38   0   0   202  1.4  init_io_ports
0    100   0   0   394  2.4  init_system
0    106   0   4   310  2.8  update_all
0    560   1   6  1350  6.8  MAIN
 Inline        0             @cinit1

Program metrics:
    Functions               58
    Statements              1590
    Comments                591
    Volume (V)              97241
    Difficulty (D)          283.0
    Effort to implement (E) 27521094
    Time to implement (T)   424 hours, 42 minutes
    Est Delivered Bugs (B)  30
    Cyclomatic Complexity   316
    Maintainability (MI)    29

 Segment     Used  Free
-----------  ----  ----
00000-00002     4  0  
00004-00006     0  4  
00008-000E8   226  0  
000EA-07FFE  27138  5396  



